    Finished `dev` profile [unoptimized + debuginfo] target(s) in 0.13s
     Running `target/debug/populate_db --crate-name axum --force`
📥 Loading documentation for crate: axum
Fetching documentation from docs.rs for crate: axum
Processing page 1/200: https://docs.rs/axum/latest/axum/
Extracted version: Some("0.8.4")
  -> Extracted content from: axum/latest/axum/ (1 blocks, 10150 chars)
  -> Adding link: ../axum/index.html
  -> Adding link: all.html
  -> Adding link: ../src/axum/lib.rs.html#1-488
  -> Adding link: struct.Router.html
  -> Adding link: struct.Router.html
  Found 199 links, added 50 new ones to visit
Processing page 2/200: https://docs.rs/axum/latest/axum/index.html
  -> Extracted content from: axum/latest/axum/index.html (1 blocks, 10150 chars)
  -> Adding link: all.html
  -> Adding link: ../src/axum/lib.rs.html#1-488
  -> Adding link: struct.Router.html
  -> Adding link: struct.Router.html
  -> Adding link: extract/index.html
  Found 199 links, added 49 new ones to visit
Processing page 3/200: https://docs.rs/axum/latest/axum/all.html
  -> No content extracted from: https://docs.rs/axum/latest/axum/all.html
  -> Adding link: struct.Error.html
  -> Adding link: struct.Extension.html
  -> Adding link: struct.Form.html
  -> Adding link: struct.Json.html
  -> Adding link: struct.Router.html
  Found 286 links, added 196 new ones to visit
Processing page 4/200: https://docs.rs/axum/latest/src/axum/lib.rs.html#1-488
  -> No content extracted from: https://docs.rs/axum/latest/src/axum/lib.rs.html#1-488
  Found 568 links, added 0 new ones to visit
Processing page 5/200: https://docs.rs/axum/latest/axum/struct.Router.html
  -> Extracted content from: axum/latest/axum/struct.Router.html (108 blocks, 33908 chars)
  -> Adding link: ../src/axum/routing/mod.rs.html#68-70
  -> Adding link: fn.serve.html
  -> Adding link: ../src/axum/routing/mod.rs.html#138-504
  -> Adding link: ../src/axum/routing/mod.rs.html#146-155
  -> Adding link: ../src/axum/routing/mod.rs.html#170-174
  Found 1133 links, added 103 new ones to visit
Processing page 6/200: https://docs.rs/axum/latest/axum/extract/index.html
  -> Extracted content from: axum/latest/axum/extract/index.html (1 blocks, 16236 chars)
  -> Adding link: ../../src/axum/extract/mod.rs.html#1-113
  -> Adding link: trait.FromRequest.html
  -> Adding link: trait.FromRequestParts.html
  -> Adding link: ../struct.Json.html
  -> Adding link: trait.FromRequest.html
  Found 201 links, added 54 new ones to visit
Processing page 7/200: https://docs.rs/axum/latest/axum/response/index.html
  -> Extracted content from: axum/latest/axum/response/index.html (1 blocks, 7702 chars)
  -> Adding link: ../../src/axum/response/mod.rs.html#1-259
  -> Adding link: trait.IntoResponse.html
  -> Adding link: trait.IntoResponseParts.html
  -> Adding link: trait.IntoResponseParts.html
  -> Adding link: trait.IntoResponseParts.html
  Found 134 links, added 27 new ones to visit
Processing page 8/200: https://docs.rs/axum/latest/axum/handler/index.html
  -> Extracted content from: axum/latest/axum/handler/index.html (1 blocks, 2820 chars)
  -> Adding link: ../../src/axum/handler/mod.rs.html#1-426
  -> Adding link: trait.Handler.html
  -> Adding link: ../extract/trait.FromRequestParts.html
  -> Adding link: ../extract/trait.FromRequest.html
  -> Adding link: ../response/trait.IntoResponse.html
  Found 117 links, added 15 new ones to visit
Processing page 9/200: https://docs.rs/axum/latest/axum/extract/trait.FromRequest.html
  -> Extracted content from: axum/latest/axum/extract/trait.FromRequest.html (3 blocks, 493 chars)
  -> Adding link: ../response/trait.IntoResponse.html
  -> Adding link: ../body/struct.Body.html
  -> Adding link: trait.FromRequestParts.html
  -> Adding link: ../response/trait.IntoResponse.html
  -> Adding link: ../body/struct.Body.html
  Found 988 links, added 190 new ones to visit
Processing page 10/200: https://docs.rs/axum/latest/axum/extract/trait.FromRequestParts.html
  -> Extracted content from: axum/latest/axum/extract/trait.FromRequestParts.html (5 blocks, 601 chars)
  -> Adding link: ../response/trait.IntoResponse.html
  -> Adding link: ../response/trait.IntoResponse.html
  -> Adding link: ../body/struct.Body.html
  -> Adding link: ../body/struct.Body.html
  -> Adding link: ../body/struct.Body.html
  Found 1071 links, added 64 new ones to visit
Processing page 11/200: https://docs.rs/axum/latest/axum/response/trait.IntoResponse.html
  -> Extracted content from: axum/latest/axum/response/trait.IntoResponse.html (2 blocks, 2158 chars)
  -> Adding link: ../body/struct.Body.html
  -> Adding link: ../body/struct.Body.html
  -> Adding link: ../body/struct.Body.html
  -> Adding link: ../body/struct.Body.html
  -> Adding link: ../body/struct.Body.html
  Found 1909 links, added 728 new ones to visit
Processing page 12/200: https://docs.rs/axum/latest/axum/error_handling/index.html
  -> Extracted content from: axum/latest/axum/error_handling/index.html (1 blocks, 4814 chars)
  -> Adding link: ../../src/axum/error_handling/mod.rs.html#1-262
  -> Adding link: ../response/type.Response.html
  -> Adding link: struct.HandleErrorLayer.html
  -> Adding link: future/index.html
  -> Adding link: struct.HandleError.html
  Found 115 links, added 7 new ones to visit
Processing page 13/200: https://docs.rs/axum/latest/axum/middleware/index.html
  -> Extracted content from: axum/latest/axum/middleware/index.html (1 blocks, 15683 chars)
  -> Adding link: ../../src/axum/middleware/mod.rs.html#1-29
  -> Adding link: ../struct.Router.html#method.layer
  -> Adding link: ../struct.Router.html#method.route_layer
  -> Adding link: ../routing/method_routing/struct.MethodRouter.html#method.layer
  -> Adding link: ../routing/method_routing/struct.MethodRouter.html#method.route_layer
  Found 201 links, added 35 new ones to visit
Processing page 14/200: https://docs.rs/axum/latest/axum/extract/struct.State.html
  -> Extracted content from: axum/latest/axum/extract/struct.State.html (82 blocks, 10692 chars)
  -> Adding link: ../../src/axum/extract/state.rs.html#296
  -> Adding link: ../middleware/index.html#accessing-state-in-middleware
  -> Adding link: ../struct.Extension.html
  -> Adding link: ../struct.Router.html#method.nest
  -> Adding link: ../struct.Router.html#method.merge
  Found 831 links, added 26 new ones to visit
Processing page 15/200: https://docs.rs/axum/latest/axum/struct.Extension.html
  -> Extracted content from: axum/latest/axum/struct.Extension.html (92 blocks, 6270 chars)
  -> Adding link: ../src/axum/extension.rs.html#72
  -> Adding link: ../src/axum/extension.rs.html#70
  -> Adding link: ../src/axum/extension.rs.html#70
  -> Adding link: ../src/axum/extension.rs.html#70
  -> Adding link: ../src/axum/extension.rs.html#70
  Found 903 links, added 47 new ones to visit
Processing page 16/200: https://docs.rs/axum/latest/axum/struct.Json.html
  -> Extracted content from: axum/latest/axum/struct.Json.html (89 blocks, 6987 chars)
  -> Adding link: ../src/axum/json.rs.html#97
  -> Adding link: extract/rejection/enum.JsonRejection.html
  -> Adding link: extract/rejection/enum.JsonRejection.html
  -> Adding link: ../src/axum/json.rs.html#165-199
  -> Adding link: ../src/axum/json.rs.html#172-198
  Found 874 links, added 46 new ones to visit
Processing page 17/200: https://docs.rs/axum/latest/axum/extract/struct.MatchedPath.html
  -> Extracted content from: axum/latest/axum/extract/struct.MatchedPath.html (58 blocks, 4590 chars)
  -> Adding link: ../../src/axum/extract/matched_path.rs.html#57
  -> Adding link: ../../src/axum/extract/matched_path.rs.html#59-64
  -> Adding link: ../../src/axum/extract/matched_path.rs.html#61-63
  -> Adding link: ../../src/axum/extract/matched_path.rs.html#56
  -> Adding link: ../../src/axum/extract/matched_path.rs.html#56
  Found 596 links, added 17 new ones to visit
Processing page 18/200: https://docs.rs/axum/latest/axum/extract/struct.Multipart.html
  -> Extracted content from: axum/latest/axum/extract/struct.Multipart.html (47 blocks, 3823 chars)
  -> Adding link: ../../src/axum/extract/multipart.rs.html#63-65
  -> Adding link: struct.DefaultBodyLimit.html
  -> Adding link: ../../src/axum/extract/multipart.rs.html#81-99
  -> Adding link: ../../src/axum/extract/multipart.rs.html#83-98
  -> Adding link: multipart/struct.Field.html
  Found 510 links, added 14 new ones to visit
Processing page 19/200: https://docs.rs/axum/latest/axum/extract/struct.OriginalUri.html
  -> Extracted content from: axum/latest/axum/extract/struct.OriginalUri.html (68 blocks, 10340 chars)
  -> Adding link: ../../src/axum/extract/original_uri.rs.html#68
  -> Adding link: ../../src/axum/extract/original_uri.rs.html#67
  -> Adding link: ../../src/axum/extract/original_uri.rs.html#67
  -> Adding link: ../../src/axum/extract/original_uri.rs.html#67
  -> Adding link: ../../src/axum/extract/original_uri.rs.html#67
  Found 665 links, added 15 new ones to visit
Processing page 20/200: https://docs.rs/axum/latest/axum/extract/ws/index.html
  -> Extracted content from: axum/latest/axum/extract/ws/index.html (1 blocks, 1695 chars)
  -> Adding link: ../../../src/axum/extract/ws.rs.html#1-1213
  -> Adding link: struct.WebSocket.html
  -> Adding link: close_code/index.html
  -> Adding link: type.CloseCode.html
  -> Adding link: rejection/index.html
  Found 118 links, added 13 new ones to visit
Processing page 21/200: https://docs.rs/axum/latest/axum/body/index.html
  -> Extracted content from: axum/latest/axum/body/index.html (1 blocks, 20 chars)
  -> Adding link: ../../src/axum/body/mod.rs.html#1-54
  -> Adding link: struct.Body.html
  -> Adding link: struct.BodyDataStream.html
  -> Adding link: fn.to_bytes.html
  -> Adding link: struct.Body.html
  Found 99 links, added 5 new ones to visit
Processing page 22/200: https://docs.rs/axum/latest/axum/routing/index.html
  -> Extracted content from: axum/latest/axum/routing/index.html (1 blocks, 39 chars)
  -> Adding link: ../../src/axum/routing/mod.rs.html#1-799
  -> Adding link: method_routing/fn.any.html
  -> Adding link: method_routing/fn.any_service.html
  -> Adding link: method_routing/fn.connect.html
  -> Adding link: method_routing/fn.connect_service.html
  Found 130 links, added 32 new ones to visit
Processing page 23/200: https://docs.rs/axum/latest/axum/serve/index.html
  -> Extracted content from: axum/latest/axum/serve/index.html (1 blocks, 15 chars)
  -> Adding link: ../../src/axum/serve/mod.rs.html#1-728
  -> Adding link: struct.IncomingStream.html
  -> Adding link: struct.Serve.html
  -> Adding link: ../fn.serve.html
  -> Adding link: struct.TapIo.html
  Found 102 links, added 10 new ones to visit
Processing page 24/200: https://docs.rs/axum/latest/axum/test_helpers/index.html
  -> No content extracted from: https://docs.rs/axum/latest/axum/test_helpers/index.html
  -> Adding link: ../../src/axum/test_helpers/mod.rs.html#1-20
  -> Adding link: struct.RequestBuilder.html
  -> Adding link: struct.TestClient.html
  -> Adding link: struct.TestResponse.html
  Found 91 links, added 4 new ones to visit
Processing page 25/200: https://docs.rs/axum/latest/axum/struct.Error.html
  -> Extracted content from: axum/latest/axum/struct.Error.html (52 blocks, 3186 chars)
  Found 556 links, added 0 new ones to visit
Processing page 26/200: https://docs.rs/axum/latest/axum/struct.Form.html
  -> Extracted content from: axum/latest/axum/struct.Form.html (84 blocks, 6101 chars)
  -> Adding link: ../src/axum/form.rs.html#72
  -> Adding link: extract/struct.Query.html
  -> Adding link: ../src/axum/form.rs.html#70
  -> Adding link: ../src/axum/form.rs.html#70
  -> Adding link: ../src/axum/form.rs.html#70
  Found 823 links, added 34 new ones to visit
Processing page 27/200: https://docs.rs/axum/latest/axum/trait.RequestExt.html
  -> Extracted content from: axum/latest/axum/trait.RequestExt.html (7 blocks, 4903 chars)
  -> Adding link: body/struct.Body.html
  -> Adding link: body/struct.Body.html
  -> Adding link: extract/type.Request.html
  -> Adding link: body/struct.Body.html
  -> Adding link: extract/struct.DefaultBodyLimit.html
  Found 262 links, added 10 new ones to visit
Processing page 28/200: https://docs.rs/axum/latest/axum/extract/type.Request.html
  -> Extracted content from: axum/latest/axum/extract/type.Request.html (1 blocks, 105 chars)
  -> Adding link: ../body/struct.Body.html
  -> Adding link: ../body/struct.Body.html
  -> Adding link: ../body/struct.Body.html
  Found 93 links, added 3 new ones to visit
Processing page 29/200: https://docs.rs/axum/latest/axum/trait.RequestPartsExt.html
  -> Extracted content from: axum/latest/axum/trait.RequestPartsExt.html (3 blocks, 2005 chars)
  Found 168 links, added 0 new ones to visit
Processing page 30/200: https://docs.rs/axum/latest/axum/trait.ServiceExt.html
  -> Extracted content from: axum/latest/axum/trait.ServiceExt.html (4 blocks, 799 chars)
  -> Adding link: ../src/axum/service_ext.rs.html#8-45
  -> Adding link: routing/struct.IntoMakeService.html
  -> Adding link: extract/connect_info/struct.IntoMakeServiceWithConnectInfo.html
  -> Adding link: error_handling/struct.HandleError.html
  -> Adding link: ../src/axum/service_ext.rs.html#18
  Found 130 links, added 13 new ones to visit
Processing page 31/200: https://docs.rs/axum/latest/axum/fn.serve.html
  -> Extracted content from: axum/latest/axum/fn.serve.html (1 blocks, 1459 chars)
  -> Adding link: ../src/axum/serve/mod.rs.html#97-109
  -> Adding link: serve/struct.Serve.html
  -> Adding link: serve/trait.Listener.html
  -> Adding link: serve/struct.IncomingStream.html
  -> Adding link: response/type.Response.html
  Found 110 links, added 7 new ones to visit
Processing page 32/200: https://docs.rs/axum/latest/axum/type.BoxError.html
  -> Extracted content from: axum/latest/axum/type.BoxError.html (1 blocks, 35 chars)
  Found 91 links, added 0 new ones to visit
Processing page 33/200: https://docs.rs/axum/latest/axum/attr.debug_handler.html
  -> Extracted content from: axum/latest/axum/attr.debug_handler.html (1 blocks, 2617 chars)
  Found 100 links, added 0 new ones to visit
Processing page 34/200: https://docs.rs/axum/latest/axum/attr.debug_middleware.html
  -> Extracted content from: axum/latest/axum/attr.debug_middleware.html (1 blocks, 938 chars)
  Found 92 links, added 0 new ones to visit
Processing page 35/200: https://docs.rs/axum/latest/axum/body/struct.Body.html
  -> Extracted content from: axum/latest/axum/body/struct.Body.html (73 blocks, 4346 chars)
  -> Adding link: struct.BodyDataStream.html
  -> Adding link: ../extract/trait.FromRequest.html#associatedtype.Rejection
  -> Adding link: ../extract/trait.FromRequest.html#tymethod.from_request
  -> Adding link: ../extract/trait.FromRequest.html#associatedtype.Rejection
  -> Adding link: ../response/trait.IntoResponse.html#tymethod.into_response
  Found 767 links, added 5 new ones to visit
Processing page 36/200: https://docs.rs/axum/latest/axum/body/struct.BodyDataStream.html
  -> Extracted content from: axum/latest/axum/body/struct.BodyDataStream.html (136 blocks, 11644 chars)
  Found 1327 links, added 0 new ones to visit
Processing page 37/200: https://docs.rs/axum/latest/axum/error_handling/struct.HandleError.html
  -> Extracted content from: axum/latest/axum/error_handling/struct.HandleError.html (164 blocks, 9871 chars)
  -> Adding link: ../../src/axum/error_handling/mod.rs.html#72-76
  -> Adding link: ../../src/axum/error_handling/mod.rs.html#78-87
  -> Adding link: ../../src/axum/error_handling/mod.rs.html#80-86
  -> Adding link: ../../src/axum/error_handling/mod.rs.html#89-101
  -> Adding link: ../../src/axum/error_handling/mod.rs.html#94-100
  Found 2113 links, added 141 new ones to visit
Processing page 38/200: https://docs.rs/axum/latest/axum/error_handling/struct.HandleErrorLayer.html
  -> Extracted content from: axum/latest/axum/error_handling/struct.HandleErrorLayer.html (54 blocks, 3481 chars)
  -> Adding link: ../../src/axum/error_handling/mod.rs.html#23-26
  -> Adding link: ../../src/axum/error_handling/mod.rs.html#28-36
  -> Adding link: ../../src/axum/error_handling/mod.rs.html#30-35
  -> Adding link: ../../src/axum/error_handling/mod.rs.html#38-48
  -> Adding link: ../../src/axum/error_handling/mod.rs.html#42-47
  Found 555 links, added 12 new ones to visit
Processing page 39/200: https://docs.rs/axum/latest/axum/error_handling/future/struct.HandleErrorFuture.html
  -> Extracted content from: axum/latest/axum/error_handling/future/struct.HandleErrorFuture.html (84 blocks, 6245 chars)
  -> Adding link: index.html
  -> Adding link: index.html
  -> Adding link: ../../../src/axum/error_handling/mod.rs.html#236-245
  -> Adding link: ../../../src/axum/error_handling/mod.rs.html#247-253
  -> Adding link: ../../../src/axum/error_handling/mod.rs.html#248
  Found 819 links, added 7 new ones to visit
Processing page 40/200: https://docs.rs/axum/latest/axum/extract/struct.ConnectInfo.html
  -> Extracted content from: axum/latest/axum/extract/struct.ConnectInfo.html (81 blocks, 4897 chars)
  -> Adding link: ../../src/axum/extract/connect_info.rs.html#151
  -> Adding link: connect_info/trait.Connected.html
  -> Adding link: ../struct.Router.html#method.into_make_service_with_connect_info
  -> Adding link: ../struct.Router.html#method.into_make_service_with_connect_info
  -> Adding link: ../../src/axum/extract/connect_info.rs.html#150
  Found 795 links, added 18 new ones to visit
Processing page 41/200: https://docs.rs/axum/latest/axum/extract/struct.DefaultBodyLimit.html
  -> Extracted content from: axum/latest/axum/extract/struct.DefaultBodyLimit.html (55 blocks, 6314 chars)
  -> Adding link: ../trait.RequestExt.html#tymethod.with_limited_body
  -> Adding link: ../trait.RequestExt.html#tymethod.into_limited_body
  -> Adding link: trait.FromRef.html
  Found 586 links, added 3 new ones to visit
Processing page 42/200: https://docs.rs/axum/latest/axum/extract/struct.NestedPath.html
  -> Extracted content from: axum/latest/axum/extract/struct.NestedPath.html (56 blocks, 3940 chars)
  -> Adding link: ../../src/axum/extract/nested_path.rs.html#40
  -> Adding link: ../../src/axum/extract/nested_path.rs.html#42-47
  -> Adding link: ../../src/axum/extract/nested_path.rs.html#44-46
  -> Adding link: ../../src/axum/extract/nested_path.rs.html#39
  -> Adding link: ../../src/axum/extract/nested_path.rs.html#39
  Found 575 links, added 12 new ones to visit
Processing page 43/200: https://docs.rs/axum/latest/axum/extract/struct.Path.html
  -> Extracted content from: axum/latest/axum/extract/struct.Path.html (76 blocks, 6963 chars)
  -> Adding link: ../../src/axum/extract/path/mod.rs.html#153
  -> Adding link: ../../src/axum/extract/path/mod.rs.html#152
  -> Adding link: ../../src/axum/extract/path/mod.rs.html#152
  -> Adding link: ../../src/axum/extract/path/mod.rs.html#155
  -> Adding link: ../../src/axum/extract/path/mod.rs.html#155
  Found 763 links, added 17 new ones to visit
Processing page 44/200: https://docs.rs/axum/latest/axum/extract/struct.Query.html
  -> Extracted content from: axum/latest/axum/extract/struct.Query.html (83 blocks, 6000 chars)
  -> Adding link: ../../src/axum/extract/query.rs.html#51
  -> Adding link: ../../src/axum/extract/query.rs.html#65-96
  -> Adding link: ../../src/axum/extract/query.rs.html#88-95
  -> Adding link: rejection/enum.QueryRejection.html
  -> Adding link: ../../src/axum/extract/query.rs.html#50
  Found 819 links, added 21 new ones to visit
Processing page 45/200: https://docs.rs/axum/latest/axum/extract/struct.RawForm.html
  -> Extracted content from: axum/latest/axum/extract/struct.RawForm.html (46 blocks, 3249 chars)
  -> Adding link: ../../src/axum/extract/raw_form.rs.html#30
  -> Adding link: ../../src/axum/extract/raw_form.rs.html#29
  -> Adding link: ../../src/axum/extract/raw_form.rs.html#29
  -> Adding link: ../../src/axum/extract/raw_form.rs.html#32-53
  -> Adding link: ../../src/axum/extract/raw_form.rs.html#36
  Found 499 links, added 7 new ones to visit
Processing page 46/200: https://docs.rs/axum/latest/axum/extract/struct.RawPathParams.html
  -> Extracted content from: axum/latest/axum/extract/struct.RawPathParams.html (52 blocks, 3975 chars)
  -> Adding link: ../../src/axum/extract/path/mod.rs.html#498
  -> Adding link: ../../src/axum/extract/path/mod.rs.html#524-529
  -> Adding link: ../../src/axum/extract/path/mod.rs.html#526-528
  -> Adding link: path/struct.RawPathParamsIter.html
  -> Adding link: ../../src/axum/extract/path/mod.rs.html#497
  Found 545 links, added 15 new ones to visit
Processing page 47/200: https://docs.rs/axum/latest/axum/extract/struct.RawQuery.html
  -> Extracted content from: axum/latest/axum/extract/struct.RawQuery.html (48 blocks, 3335 chars)
  -> Adding link: ../../src/axum/extract/raw_query.rs.html#25
  -> Adding link: ../../src/axum/extract/raw_query.rs.html#24
  -> Adding link: ../../src/axum/extract/raw_query.rs.html#24
  -> Adding link: ../../src/axum/extract/raw_query.rs.html#27-37
  -> Adding link: ../../src/axum/extract/raw_query.rs.html#31
  Found 523 links, added 6 new ones to visit
Processing page 48/200: https://docs.rs/axum/latest/axum/extract/struct.WebSocketUpgrade.html
  -> Extracted content from: axum/latest/axum/extract/struct.WebSocketUpgrade.html (58 blocks, 5922 chars)
  -> Adding link: ../../src/axum/extract/ws.rs.html#132-141
  -> Adding link: ws/struct.DefaultOnFailedUpgrade.html
  -> Adding link: ../routing/method_routing/fn.any.html
  -> Adding link: ../../src/axum/extract/ws.rs.html#154-383
  -> Adding link: ../../src/axum/extract/ws.rs.html#156-159
  Found 586 links, added 26 new ones to visit
Processing page 49/200: https://docs.rs/axum/latest/axum/extract/connect_info/struct.ConnectInfo.html
  -> Extracted content from: axum/latest/axum/extract/connect_info/struct.ConnectInfo.html (81 blocks, 4897 chars)
  -> Adding link: index.html
  -> Adding link: index.html
  -> Adding link: ../../../src/axum/extract/connect_info.rs.html#151
  -> Adding link: trait.Connected.html
  -> Adding link: ../../struct.Router.html#method.into_make_service_with_connect_info
  Found 796 links, added 29 new ones to visit
Processing page 50/200: https://docs.rs/axum/latest/axum/extract/connect_info/struct.IntoMakeServiceWithConnectInfo.html
  -> Extracted content from: axum/latest/axum/extract/connect_info/struct.IntoMakeServiceWithConnectInfo.html (83 blocks, 5806 chars)
  -> Adding link: index.html
  -> Adding link: index.html
  -> Adding link: ../../../src/axum/extract/connect_info.rs.html#28-31
  -> Adding link: ../../struct.Router.html#method.into_make_service_with_connect_info
  -> Adding link: ../../../src/axum/extract/connect_info.rs.html#59-69
  Found 807 links, added 30 new ones to visit
Processing page 51/200: https://docs.rs/axum/latest/axum/extract/connect_info/struct.MockConnectInfo.html
  -> Extracted content from: axum/latest/axum/extract/connect_info/struct.MockConnectInfo.html (53 blocks, 4278 chars)
  -> Adding link: index.html
  -> Adding link: index.html
  -> Adding link: ../../../src/axum/extract/connect_info.rs.html#221
  -> Adding link: ../../struct.Router.html#method.into_make_service_with_connect_info
  -> Adding link: ../../struct.Router.html#method.into_make_service_with_connect_info
  Found 568 links, added 15 new ones to visit
Processing page 52/200: https://docs.rs/axum/latest/axum/extract/connect_info/struct.ResponseFuture.html
  -> Extracted content from: axum/latest/axum/extract/connect_info/struct.ResponseFuture.html (85 blocks, 6317 chars)
  -> Adding link: index.html
  -> Adding link: index.html
  -> Adding link: ../../../src/axum/extract/connect_info.rs.html#135-139
  -> Adding link: ../../../src/axum/extract/connect_info.rs.html#135-139
  -> Adding link: ../../../src/axum/extract/connect_info.rs.html#135-139
  Found 850 links, added 11 new ones to visit
Processing page 53/200: https://docs.rs/axum/latest/axum/extract/multipart/struct.Field.html
  -> Extracted content from: axum/latest/axum/extract/multipart/struct.Field.html (130 blocks, 11974 chars)
  -> Adding link: index.html
  -> Adding link: index.html
  -> Adding link: ../../../src/axum/extract/multipart.rs.html#103-108
  -> Adding link: ../../../src/axum/extract/multipart.rs.html#120-202
  -> Adding link: ../../../src/axum/extract/multipart.rs.html#124-126
  Found 1265 links, added 20 new ones to visit
Processing page 54/200: https://docs.rs/axum/latest/axum/extract/multipart/struct.InvalidBoundary.html
  -> Extracted content from: axum/latest/axum/extract/multipart/struct.InvalidBoundary.html (55 blocks, 3343 chars)
  -> Adding link: index.html
  -> Adding link: index.html
  -> Adding link: ../../../src/axum/extract/multipart.rs.html#299-305
  -> Adding link: ../../../src/axum/extract/multipart.rs.html#299-305
  -> Adding link: ../../../src/axum/extract/multipart.rs.html#299-305
  Found 574 links, added 20 new ones to visit
Processing page 55/200: https://docs.rs/axum/latest/axum/extract/multipart/struct.Multipart.html
  -> Extracted content from: axum/latest/axum/extract/multipart/struct.Multipart.html (47 blocks, 3823 chars)
  -> Adding link: index.html
  -> Adding link: index.html
  -> Adding link: ../../../src/axum/extract/multipart.rs.html#63-65
  -> Adding link: ../index.html#the-order-of-extractors
  -> Adding link: ../../../src/axum/extract/multipart.rs.html#81-99
  Found 511 links, added 16 new ones to visit
Processing page 56/200: https://docs.rs/axum/latest/axum/extract/multipart/struct.MultipartError.html
  -> Extracted content from: axum/latest/axum/extract/multipart/struct.MultipartError.html (53 blocks, 3221 chars)
  -> Adding link: index.html
  -> Adding link: index.html
  -> Adding link: ../../../src/axum/extract/multipart.rs.html#206-208
  -> Adding link: ../../../src/axum/extract/multipart.rs.html#210-224
  -> Adding link: ../../../src/axum/extract/multipart.rs.html#216-218
  Found 555 links, added 16 new ones to visit
Processing page 57/200: https://docs.rs/axum/latest/axum/extract/path/struct.FailedToDeserializePathParams.html
  -> Extracted content from: axum/latest/axum/extract/path/struct.FailedToDeserializePathParams.html (56 blocks, 3408 chars)
  -> Adding link: index.html
  -> Adding link: index.html
  -> Adding link: ../../../src/axum/extract/path/mod.rs.html#406
  -> Adding link: ../../../src/axum/extract/path/mod.rs.html#408-448
  -> Adding link: ../../../src/axum/extract/path/mod.rs.html#410-412
  Found 574 links, added 22 new ones to visit
Processing page 58/200: https://docs.rs/axum/latest/axum/extract/path/struct.InvalidUtf8InPathParam.html
  -> Extracted content from: axum/latest/axum/extract/path/struct.InvalidUtf8InPathParam.html (54 blocks, 3316 chars)
  -> Adding link: index.html
  -> Adding link: index.html
  -> Adding link: ../../../src/axum/extract/path/mod.rs.html#558-560
  -> Adding link: ../../../src/axum/extract/path/mod.rs.html#562-572
  -> Adding link: ../../../src/axum/extract/path/mod.rs.html#564-566
  Found 566 links, added 18 new ones to visit
Processing page 59/200: https://docs.rs/axum/latest/axum/extract/path/struct.Path.html
  -> Extracted content from: axum/latest/axum/extract/path/struct.Path.html (76 blocks, 6963 chars)
  -> Adding link: index.html
  -> Adding link: index.html
  -> Adding link: ../../../src/axum/extract/path/mod.rs.html#153
  -> Adding link: ../../../src/axum/extract/path/mod.rs.html#152
  -> Adding link: ../../../src/axum/extract/path/mod.rs.html#152
  Found 764 links, added 30 new ones to visit
Processing page 60/200: https://docs.rs/axum/latest/axum/extract/path/struct.RawPathParams.html
  -> Extracted content from: axum/latest/axum/extract/path/struct.RawPathParams.html (52 blocks, 3975 chars)
  -> Adding link: index.html
  -> Adding link: index.html
  -> Adding link: ../../../src/axum/extract/path/mod.rs.html#498
  -> Adding link: ../../../src/axum/extract/path/mod.rs.html#524-529
  -> Adding link: ../../../src/axum/extract/path/mod.rs.html#526-528
  Found 546 links, added 24 new ones to visit
Processing page 61/200: https://docs.rs/axum/latest/axum/extract/path/struct.RawPathParamsIter.html
  -> Extracted content from: axum/latest/axum/extract/path/struct.RawPathParamsIter.html (124 blocks, 10104 chars)
  -> Adding link: index.html
  -> Adding link: index.html
  -> Adding link: ../../../src/axum/extract/path/mod.rs.html#544
  -> Adding link: ../struct.RawPathParams.html#method.iter
  -> Adding link: ../../../src/axum/extract/path/mod.rs.html#543
  Found 1255 links, added 9 new ones to visit
Processing page 62/200: https://docs.rs/axum/latest/axum/extract/rejection/struct.FailedToDeserializeForm.html
  -> Extracted content from: axum/latest/axum/extract/rejection/struct.FailedToDeserializeForm.html (54 blocks, 3302 chars)
  -> Adding link: index.html
  -> Adding link: index.html
  -> Adding link: ../../../src/axum/extract/rejection.rs.html#68-74
  -> Adding link: ../../../src/axum/extract/rejection.rs.html#68-74
  -> Adding link: ../../../src/axum/extract/rejection.rs.html#68-74
  Found 566 links, added 19 new ones to visit
Processing page 63/200: https://docs.rs/axum/latest/axum/extract/rejection/struct.FailedToDeserializeFormBody.html
  -> Extracted content from: axum/latest/axum/extract/rejection/struct.FailedToDeserializeFormBody.html (54 blocks, 3307 chars)
  -> Adding link: index.html
  -> Adding link: index.html
  -> Adding link: ../../../src/axum/extract/rejection.rs.html#76-82
  -> Adding link: ../../../src/axum/extract/rejection.rs.html#76-82
  -> Adding link: ../../../src/axum/extract/rejection.rs.html#76-82
  Found 566 links, added 19 new ones to visit
Processing page 64/200: https://docs.rs/axum/latest/axum/extract/rejection/struct.FailedToDeserializeQueryString.html
  -> Extracted content from: axum/latest/axum/extract/rejection/struct.FailedToDeserializeQueryString.html (54 blocks, 3311 chars)
  -> Adding link: index.html
  -> Adding link: index.html
  -> Adding link: ../../../src/axum/extract/rejection.rs.html#84-90
  -> Adding link: ../../../src/axum/extract/rejection.rs.html#84-90
  -> Adding link: ../../../src/axum/extract/rejection.rs.html#84-90
  Found 566 links, added 19 new ones to visit
Processing page 65/200: https://docs.rs/axum/latest/axum/extract/rejection/struct.InvalidFormContentType.html
  -> Extracted content from: axum/latest/axum/extract/rejection/struct.InvalidFormContentType.html (56 blocks, 3437 chars)
  -> Adding link: index.html
  -> Adding link: index.html
  -> Adding link: ../../../src/axum/extract/rejection.rs.html#59-66
  -> Adding link: ../../../src/axum/extract/rejection.rs.html#59-66
  -> Adding link: ../../../src/axum/extract/rejection.rs.html#59-66
  Found 586 links, added 23 new ones to visit
Processing page 66/200: https://docs.rs/axum/latest/axum/extract/rejection/struct.InvalidUtf8.html
  -> Extracted content from: axum/latest/axum/extract/rejection/struct.InvalidUtf8.html (54 blocks, 3308 chars)
  -> Adding link: index.html
  -> Adding link: index.html
  -> Adding link: enum.StringRejection.html
  -> Adding link: enum.StringRejection.html
  -> Adding link: ../../response/trait.IntoResponse.html#tymethod.into_response
  Found 572 links, added 5 new ones to visit
Processing page 67/200: https://docs.rs/axum/latest/axum/extract/rejection/struct.JsonDataError.html
  -> Extracted content from: axum/latest/axum/extract/rejection/struct.JsonDataError.html (54 blocks, 3354 chars)
  -> Adding link: index.html
  -> Adding link: index.html
  -> Adding link: ../../../src/axum/extract/rejection.rs.html#10-19
  -> Adding link: ../../../src/axum/extract/rejection.rs.html#10-19
  -> Adding link: ../../../src/axum/extract/rejection.rs.html#10-19
  Found 566 links, added 19 new ones to visit
Processing page 68/200: https://docs.rs/axum/latest/axum/extract/rejection/struct.JsonSyntaxError.html
  -> Extracted content from: axum/latest/axum/extract/rejection/struct.JsonSyntaxError.html (54 blocks, 3316 chars)
  -> Adding link: index.html
  -> Adding link: index.html
  -> Adding link: ../../../src/axum/extract/rejection.rs.html#22-30
  -> Adding link: ../../../src/axum/extract/rejection.rs.html#22-30
  -> Adding link: ../../../src/axum/extract/rejection.rs.html#22-30
  Found 566 links, added 19 new ones to visit
Processing page 69/200: https://docs.rs/axum/latest/axum/extract/rejection/struct.LengthLimitError.html
  -> Extracted content from: axum/latest/axum/extract/rejection/struct.LengthLimitError.html (54 blocks, 3406 chars)
  -> Adding link: index.html
  -> Adding link: index.html
  -> Adding link: enum.FailedToBufferBody.html
  -> Adding link: enum.FailedToBufferBody.html
  -> Adding link: ../../response/trait.IntoResponse.html#tymethod.into_response
  Found 573 links, added 5 new ones to visit
Processing page 70/200: https://docs.rs/axum/latest/axum/extract/rejection/struct.MatchedPathMissing.html
  -> Extracted content from: axum/latest/axum/extract/rejection/struct.MatchedPathMissing.html (55 blocks, 3338 chars)
  -> Adding link: index.html
  -> Adding link: index.html
  -> Adding link: ../../../src/axum/extract/rejection.rs.html#174-182
  -> Adding link: ../../../src/axum/extract/rejection.rs.html#174-182
  -> Adding link: ../../../src/axum/extract/rejection.rs.html#174-182
  Found 575 links, added 20 new ones to visit
Processing page 71/200: https://docs.rs/axum/latest/axum/extract/rejection/struct.MissingExtension.html
  -> Extracted content from: axum/latest/axum/extract/rejection/struct.MissingExtension.html (54 blocks, 3281 chars)
  -> Adding link: index.html
  -> Adding link: index.html
  -> Adding link: ../../../src/axum/extract/rejection.rs.html#42-48
  -> Adding link: ../../../src/axum/extract/rejection.rs.html#42-48
  -> Adding link: ../../../src/axum/extract/rejection.rs.html#42-48
  Found 566 links, added 19 new ones to visit
Processing page 72/200: https://docs.rs/axum/latest/axum/extract/rejection/struct.MissingJsonContentType.html
  -> Extracted content from: axum/latest/axum/extract/rejection/struct.MissingJsonContentType.html (55 blocks, 3327 chars)
  -> Adding link: index.html
  -> Adding link: index.html
  -> Adding link: ../../../src/axum/extract/rejection.rs.html#33-40
  -> Adding link: ../../../src/axum/extract/rejection.rs.html#33-40
  -> Adding link: ../../../src/axum/extract/rejection.rs.html#33-40
  Found 575 links, added 20 new ones to visit
Processing page 73/200: https://docs.rs/axum/latest/axum/extract/rejection/struct.MissingPathParams.html
  -> Extracted content from: axum/latest/axum/extract/rejection/struct.MissingPathParams.html (56 blocks, 3471 chars)
  -> Adding link: index.html
  -> Adding link: index.html
  -> Adding link: ../../../src/axum/extract/rejection.rs.html#50-57
  -> Adding link: ../../../src/axum/extract/rejection.rs.html#50-57
  -> Adding link: ../../../src/axum/extract/rejection.rs.html#50-57
  Found 584 links, added 23 new ones to visit
Processing page 74/200: https://docs.rs/axum/latest/axum/extract/rejection/struct.NestedPathRejection.html
  -> Extracted content from: axum/latest/axum/extract/rejection/struct.NestedPathRejection.html (54 blocks, 3308 chars)
  -> Adding link: index.html
  -> Adding link: index.html
  -> Adding link: ../../../src/axum/extract/rejection.rs.html#193-200
  -> Adding link: ../../../src/axum/extract/rejection.rs.html#193-200
  -> Adding link: ../../../src/axum/extract/rejection.rs.html#193-200
  Found 565 links, added 17 new ones to visit
Processing page 75/200: https://docs.rs/axum/latest/axum/extract/rejection/struct.UnknownBodyError.html
  -> Extracted content from: axum/latest/axum/extract/rejection/struct.UnknownBodyError.html (54 blocks, 3258 chars)
  -> Adding link: index.html
  -> Adding link: index.html
  -> Adding link: enum.FailedToBufferBody.html
  -> Adding link: enum.FailedToBufferBody.html
  -> Adding link: ../../response/trait.IntoResponse.html#tymethod.into_response
  Found 571 links, added 5 new ones to visit
Processing page 76/200: https://docs.rs/axum/latest/axum/extract/ws/struct.CloseFrame.html
  -> Extracted content from: axum/latest/axum/extract/ws/struct.CloseFrame.html (57 blocks, 3538 chars)
  -> Adding link: ../../../src/axum/extract/ws.rs.html#695-700
  -> Adding link: type.CloseCode.html
  -> Adding link: struct.Utf8Bytes.html
  -> Adding link: type.CloseCode.html
  -> Adding link: struct.Utf8Bytes.html
  Found 586 links, added 15 new ones to visit
Processing page 77/200: https://docs.rs/axum/latest/axum/extract/ws/struct.DefaultOnFailedUpgrade.html
  -> Extracted content from: axum/latest/axum/extract/ws/struct.DefaultOnFailedUpgrade.html (45 blocks, 2837 chars)
  -> Adding link: ../../../src/axum/extract/ws.rs.html#407
  -> Adding link: ../../../src/axum/extract/ws.rs.html#406
  -> Adding link: ../../../src/axum/extract/ws.rs.html#406
  -> Adding link: ../../../src/axum/extract/ws.rs.html#409-412
  -> Adding link: trait.OnFailedUpgrade.html
  Found 482 links, added 6 new ones to visit
Processing page 78/200: https://docs.rs/axum/latest/axum/extract/ws/struct.Utf8Bytes.html
  -> Extracted content from: axum/latest/axum/extract/ws/struct.Utf8Bytes.html (144 blocks, 51851 chars)
  -> Adding link: ../../../src/axum/extract/ws.rs.html#579
  -> Adding link: ../../../src/axum/extract/ws.rs.html#581-597
  -> Adding link: ../../../src/axum/extract/ws.rs.html#584-586
  -> Adding link: ../../../src/axum/extract/ws.rs.html#590-592
  -> Adding link: ../../../src/axum/extract/ws.rs.html#578
  Found 1383 links, added 37 new ones to visit
Processing page 79/200: https://docs.rs/axum/latest/axum/extract/ws/struct.WebSocket.html
  -> Extracted content from: axum/latest/axum/extract/ws/struct.WebSocket.html (148 blocks, 12762 chars)
  -> Adding link: ../../../src/axum/extract/ws.rs.html#508-511
  -> Adding link: ../../../src/axum/extract/ws.rs.html#513-533
  -> Adding link: ../../../src/axum/extract/ws.rs.html#517-519
  -> Adding link: enum.Message.html
  -> Adding link: ../../../src/axum/extract/ws.rs.html#522-527
  Found 1439 links, added 21 new ones to visit
Processing page 80/200: https://docs.rs/axum/latest/axum/extract/ws/struct.WebSocketUpgrade.html
  -> Extracted content from: axum/latest/axum/extract/ws/struct.WebSocketUpgrade.html (58 blocks, 5922 chars)
  -> Adding link: ../../../src/axum/extract/ws.rs.html#132-141
  -> Adding link: ../../routing/method_routing/fn.any.html
  -> Adding link: ../../../src/axum/extract/ws.rs.html#154-383
  -> Adding link: ../../../src/axum/extract/ws.rs.html#156-159
  -> Adding link: ../../../src/axum/extract/ws.rs.html#170-173
  Found 587 links, added 32 new ones to visit
Processing page 81/200: https://docs.rs/axum/latest/axum/extract/ws/rejection/struct.ConnectionNotUpgradable.html
  -> Extracted content from: axum/latest/axum/extract/ws/rejection/struct.ConnectionNotUpgradable.html (55 blocks, 3453 chars)
  -> Adding link: index.html
  -> Adding link: index.html
  -> Adding link: ../../../../src/axum/extract/ws.rs.html#953-965
  -> Adding link: ../../../../src/axum/extract/ws.rs.html#953-965
  -> Adding link: ../../../../src/axum/extract/ws.rs.html#953-965
  Found 577 links, added 20 new ones to visit
Processing page 82/200: https://docs.rs/axum/latest/axum/extract/ws/rejection/struct.InvalidConnectionHeader.html
  -> Extracted content from: axum/latest/axum/extract/ws/rejection/struct.InvalidConnectionHeader.html (55 blocks, 3297 chars)
  -> Adding link: index.html
  -> Adding link: index.html
  -> Adding link: ../../../../src/axum/extract/ws.rs.html#918-923
  -> Adding link: ../../../../src/axum/extract/ws.rs.html#918-923
  -> Adding link: ../../../../src/axum/extract/ws.rs.html#918-923
  Found 576 links, added 20 new ones to visit
Processing page 83/200: https://docs.rs/axum/latest/axum/extract/ws/rejection/struct.InvalidProtocolPseudoheader.html
  -> Extracted content from: axum/latest/axum/extract/ws/rejection/struct.InvalidProtocolPseudoheader.html (55 blocks, 3297 chars)
  -> Adding link: index.html
  -> Adding link: index.html
  -> Adding link: ../../../../src/axum/extract/ws.rs.html#932-937
  -> Adding link: ../../../../src/axum/extract/ws.rs.html#932-937
  -> Adding link: ../../../../src/axum/extract/ws.rs.html#932-937
  Found 576 links, added 20 new ones to visit
Processing page 84/200: https://docs.rs/axum/latest/axum/extract/ws/rejection/struct.InvalidUpgradeHeader.html
  -> Extracted content from: axum/latest/axum/extract/ws/rejection/struct.InvalidUpgradeHeader.html (55 blocks, 3297 chars)
  -> Adding link: index.html
  -> Adding link: index.html
  -> Adding link: ../../../../src/axum/extract/ws.rs.html#925-930
  -> Adding link: ../../../../src/axum/extract/ws.rs.html#925-930
  -> Adding link: ../../../../src/axum/extract/ws.rs.html#925-930
  Found 576 links, added 20 new ones to visit
Processing page 85/200: https://docs.rs/axum/latest/axum/extract/ws/rejection/struct.InvalidWebSocketVersionHeader.html
  -> Extracted content from: axum/latest/axum/extract/ws/rejection/struct.InvalidWebSocketVersionHeader.html (55 blocks, 3297 chars)
  -> Adding link: index.html
  -> Adding link: index.html
  -> Adding link: ../../../../src/axum/extract/ws.rs.html#939-944
  -> Adding link: ../../../../src/axum/extract/ws.rs.html#939-944
  -> Adding link: ../../../../src/axum/extract/ws.rs.html#939-944
  Found 576 links, added 20 new ones to visit
Processing page 86/200: https://docs.rs/axum/latest/axum/extract/ws/rejection/struct.MethodNotConnect.html
  -> Extracted content from: axum/latest/axum/extract/ws/rejection/struct.MethodNotConnect.html (55 blocks, 3297 chars)
  -> Adding link: index.html
  -> Adding link: index.html
  -> Adding link: ../../../../src/axum/extract/ws.rs.html#911-916
  -> Adding link: ../../../../src/axum/extract/ws.rs.html#911-916
  -> Adding link: ../../../../src/axum/extract/ws.rs.html#911-916
  Found 576 links, added 20 new ones to visit
Processing page 87/200: https://docs.rs/axum/latest/axum/extract/ws/rejection/struct.MethodNotGet.html
  -> Extracted content from: axum/latest/axum/extract/ws/rejection/struct.MethodNotGet.html (55 blocks, 3297 chars)
  -> Adding link: index.html
  -> Adding link: index.html
  -> Adding link: ../../../../src/axum/extract/ws.rs.html#904-909
  -> Adding link: ../../../../src/axum/extract/ws.rs.html#904-909
  -> Adding link: ../../../../src/axum/extract/ws.rs.html#904-909
  Found 576 links, added 20 new ones to visit
Processing page 88/200: https://docs.rs/axum/latest/axum/extract/ws/rejection/struct.WebSocketKeyHeaderMissing.html
  -> Extracted content from: axum/latest/axum/extract/ws/rejection/struct.WebSocketKeyHeaderMissing.html (55 blocks, 3297 chars)
  -> Adding link: index.html
  -> Adding link: index.html
  -> Adding link: ../../../../src/axum/extract/ws.rs.html#946-951
  -> Adding link: ../../../../src/axum/extract/ws.rs.html#946-951
  -> Adding link: ../../../../src/axum/extract/ws.rs.html#946-951
  Found 576 links, added 20 new ones to visit
Processing page 89/200: https://docs.rs/axum/latest/axum/handler/struct.HandlerService.html
  -> Extracted content from: axum/latest/axum/handler/struct.HandlerService.html (91 blocks, 7346 chars)
  -> Adding link: ../../src/axum/handler/service.rs.html#22-26
  -> Adding link: trait.Handler.html
  -> Adding link: ../../src/axum/handler/service.rs.html#28-109
  -> Adding link: ../../src/axum/handler/service.rs.html#30-32
  -> Adding link: ../../src/axum/handler/service.rs.html#63-65
  Found 895 links, added 45 new ones to visit
Processing page 90/200: https://docs.rs/axum/latest/axum/handler/struct.Layered.html
  -> Extracted content from: axum/latest/axum/handler/struct.Layered.html (58 blocks, 3698 chars)
  -> Adding link: ../../src/axum/handler/mod.rs.html#268-272
  -> Adding link: trait.Handler.html
  -> Adding link: ../../src/axum/handler/mod.rs.html#285-297
  -> Adding link: ../../src/axum/handler/mod.rs.html#290-296
  -> Adding link: ../../src/axum/handler/mod.rs.html#274-283
  Found 624 links, added 23 new ones to visit
Processing page 91/200: https://docs.rs/axum/latest/axum/handler/future/struct.IntoServiceFuture.html
  -> Extracted content from: axum/latest/axum/handler/future/struct.IntoServiceFuture.html (85 blocks, 6302 chars)
  -> Adding link: index.html
  -> Adding link: index.html
  -> Adding link: ../../../src/axum/handler/future.rs.html#11-18
  -> Adding link: ../../../src/axum/handler/future.rs.html#11-18
  -> Adding link: ../../../src/axum/handler/future.rs.html#11-18
  Found 849 links, added 11 new ones to visit
Processing page 92/200: https://docs.rs/axum/latest/axum/handler/future/struct.LayeredFuture.html
  -> Extracted content from: axum/latest/axum/handler/future/struct.LayeredFuture.html (66 blocks, 4666 chars)
  -> Adding link: index.html
  -> Adding link: index.html
  -> Adding link: ../../../src/axum/handler/future.rs.html#20-29
  -> Adding link: ../../../src/axum/handler/future.rs.html#42-52
  -> Adding link: ../../../src/axum/handler/future.rs.html#46
  Found 660 links, added 7 new ones to visit
Processing page 93/200: https://docs.rs/axum/latest/axum/middleware/struct.AddExtension.html
  -> Extracted content from: axum/latest/axum/middleware/struct.AddExtension.html (83 blocks, 5834 chars)
  -> Adding link: ../../src/axum/extension.rs.html#161-164
  -> Adding link: ../../src/axum/extension.rs.html#160
  -> Adding link: ../../src/axum/extension.rs.html#160
  -> Adding link: ../../src/axum/extension.rs.html#160
  -> Adding link: ../../src/axum/extension.rs.html#160
  Found 832 links, added 25 new ones to visit
Processing page 94/200: https://docs.rs/axum/latest/axum/middleware/struct.FromExtractor.html
  -> Extracted content from: axum/latest/axum/middleware/struct.FromExtractor.html (74 blocks, 5311 chars)
  -> Adding link: ../../src/axum/middleware/from_extractor.rs.html#157-161
  -> Adding link: fn.from_extractor.html
  -> Adding link: ../../src/axum/middleware/from_extractor.rs.html#170-182
  -> Adding link: ../../src/axum/middleware/from_extractor.rs.html#175-181
  -> Adding link: ../../src/axum/middleware/from_extractor.rs.html#184-196
  Found 761 links, added 26 new ones to visit
Processing page 95/200: https://docs.rs/axum/latest/axum/middleware/struct.FromExtractorLayer.html
  -> Extracted content from: axum/latest/axum/middleware/struct.FromExtractorLayer.html (53 blocks, 3385 chars)
  -> Adding link: ../../src/axum/middleware/from_extractor.rs.html#110-113
  -> Adding link: fn.from_extractor.html
  -> Adding link: ../../src/axum/middleware/from_extractor.rs.html#115-125
  -> Adding link: ../../src/axum/middleware/from_extractor.rs.html#119-124
  -> Adding link: ../../src/axum/middleware/from_extractor.rs.html#127-137
  Found 547 links, added 11 new ones to visit
Processing page 96/200: https://docs.rs/axum/latest/axum/middleware/struct.FromFn.html
  -> Extracted content from: axum/latest/axum/middleware/struct.FromFn.html (158 blocks, 9581 chars)
  -> Adding link: ../../src/axum/middleware/from_fn.rs.html#231-236
  -> Adding link: fn.from_fn.html
  -> Adding link: fn.from_fn_with_state.html
  -> Adding link: ../../src/axum/middleware/from_fn.rs.html#238-252
  -> Adding link: ../../src/axum/middleware/from_fn.rs.html#244-251
  Found 1955 links, added 148 new ones to visit
Processing page 97/200: https://docs.rs/axum/latest/axum/middleware/struct.FromFnLayer.html
  -> Extracted content from: axum/latest/axum/middleware/struct.FromFnLayer.html (53 blocks, 3447 chars)
  -> Adding link: ../../src/axum/middleware/from_fn.rs.html#178-182
  -> Adding link: fn.from_fn.html
  -> Adding link: fn.from_fn_with_state.html
  -> Adding link: ../../src/axum/middleware/from_fn.rs.html#184-196
  -> Adding link: ../../src/axum/middleware/from_fn.rs.html#189-195
  Found 557 links, added 12 new ones to visit
Processing page 98/200: https://docs.rs/axum/latest/axum/middleware/struct.MapRequest.html
  -> Extracted content from: axum/latest/axum/middleware/struct.MapRequest.html (158 blocks, 9587 chars)
  -> Adding link: ../../src/axum/middleware/map_request.rs.html#224-229
  -> Adding link: fn.map_request.html
  -> Adding link: ../../src/axum/middleware/map_request.rs.html#231-245
  -> Adding link: ../../src/axum/middleware/map_request.rs.html#237-244
  -> Adding link: ../../src/axum/middleware/map_request.rs.html#322-334
  Found 2034 links, added 147 new ones to visit
Processing page 99/200: https://docs.rs/axum/latest/axum/middleware/struct.MapRequestLayer.html
  -> Extracted content from: axum/latest/axum/middleware/struct.MapRequestLayer.html (53 blocks, 3396 chars)
  -> Adding link: ../../src/axum/middleware/map_request.rs.html#171-175
  -> Adding link: fn.map_request.html
  -> Adding link: ../../src/axum/middleware/map_request.rs.html#177-189
  -> Adding link: ../../src/axum/middleware/map_request.rs.html#182-188
  -> Adding link: ../../src/axum/middleware/map_request.rs.html#208-219
  Found 554 links, added 11 new ones to visit
Processing page 100/200: https://docs.rs/axum/latest/axum/middleware/struct.MapResponse.html
  -> Extracted content from: axum/latest/axum/middleware/struct.MapResponse.html (163 blocks, 9839 chars)
  -> Adding link: ../../src/axum/middleware/map_response.rs.html#206-211
  -> Adding link: fn.map_response.html
  -> Adding link: ../../src/axum/middleware/map_response.rs.html#213-227
  -> Adding link: ../../src/axum/middleware/map_response.rs.html#219-226
  -> Adding link: ../../src/axum/middleware/map_response.rs.html#310-322
  Found 2027 links, added 172 new ones to visit
Processing page 101/200: https://docs.rs/axum/latest/axum/middleware/struct.MapResponseLayer.html
  -> Extracted content from: axum/latest/axum/middleware/struct.MapResponseLayer.html (53 blocks, 3398 chars)
  -> Adding link: ../../src/axum/middleware/map_response.rs.html#153-157
  -> Adding link: fn.map_response.html
  -> Adding link: ../../src/axum/middleware/map_response.rs.html#159-171
  -> Adding link: ../../src/axum/middleware/map_response.rs.html#164-170
  -> Adding link: ../../src/axum/middleware/map_response.rs.html#190-201
  Found 554 links, added 11 new ones to visit
Processing page 102/200: https://docs.rs/axum/latest/axum/middleware/struct.Next.html
  -> Extracted content from: axum/latest/axum/middleware/struct.Next.html (75 blocks, 5317 chars)
  -> Adding link: ../../src/axum/middleware/from_fn.rs.html#338-340
  -> Adding link: ../../src/axum/middleware/from_fn.rs.html#342-350
  -> Adding link: ../../src/axum/middleware/from_fn.rs.html#344-349
  -> Adding link: ../response/type.Response.html
  -> Adding link: ../../src/axum/middleware/from_fn.rs.html#337
  Found 758 links, added 27 new ones to visit
Processing page 103/200: https://docs.rs/axum/latest/axum/middleware/future/struct.FromExtractorResponseFuture.html
  -> Extracted content from: axum/latest/axum/middleware/future/struct.FromExtractorResponseFuture.html (84 blocks, 6244 chars)
  -> Adding link: index.html
  -> Adding link: index.html
  -> Adding link: ../../../src/axum/middleware/from_extractor.rs.html#234-246
  -> Adding link: ../../../src/axum/middleware/from_extractor.rs.html#262-300
  -> Adding link: ../../../src/axum/middleware/from_extractor.rs.html#268
  Found 843 links, added 7 new ones to visit
Processing page 104/200: https://docs.rs/axum/latest/axum/middleware/future/struct.FromFnResponseFuture.html
  -> Extracted content from: axum/latest/axum/middleware/future/struct.FromFnResponseFuture.html (85 blocks, 6293 chars)
  -> Adding link: index.html
  -> Adding link: index.html
  -> Adding link: ../../../src/axum/middleware/from_fn.rs.html#367-369
  -> Adding link: ../../../src/axum/middleware/from_fn.rs.html#379-383
  -> Adding link: ../../../src/axum/middleware/from_fn.rs.html#380-382
  Found 829 links, added 8 new ones to visit
Processing page 105/200: https://docs.rs/axum/latest/axum/middleware/future/struct.MapRequestResponseFuture.html
  -> Extracted content from: axum/latest/axum/middleware/future/struct.MapRequestResponseFuture.html (85 blocks, 6297 chars)
  -> Adding link: index.html
  -> Adding link: index.html
  -> Adding link: ../../../src/axum/middleware/map_request.rs.html#337-339
  -> Adding link: ../../../src/axum/middleware/map_request.rs.html#349-353
  -> Adding link: ../../../src/axum/middleware/map_request.rs.html#350-352
  Found 829 links, added 8 new ones to visit
Processing page 106/200: https://docs.rs/axum/latest/axum/middleware/future/struct.MapResponseResponseFuture.html
  -> Extracted content from: axum/latest/axum/middleware/future/struct.MapResponseResponseFuture.html (85 blocks, 6298 chars)
  -> Adding link: index.html
  -> Adding link: index.html
  -> Adding link: ../../../src/axum/middleware/map_response.rs.html#325-327
  -> Adding link: ../../../src/axum/middleware/map_response.rs.html#337-341
  -> Adding link: ../../../src/axum/middleware/map_response.rs.html#338-340
  Found 829 links, added 8 new ones to visit
Processing page 107/200: https://docs.rs/axum/latest/axum/response/struct.AppendHeaders.html
  -> Extracted content from: axum/latest/axum/response/struct.AppendHeaders.html (57 blocks, 4149 chars)
  -> Adding link: trait.IntoResponseParts.html
  -> Adding link: struct.ResponseParts.html
  -> Adding link: struct.ResponseParts.html
  -> Adding link: trait.IntoResponseParts.html
  -> Adding link: ../extract/trait.FromRef.html
  Found 634 links, added 18 new ones to visit
Processing page 108/200: https://docs.rs/axum/latest/axum/response/struct.ErrorResponse.html
  -> Extracted content from: axum/latest/axum/response/struct.ErrorResponse.html (45 blocks, 2840 chars)
  -> Adding link: type.Result.html
  Found 486 links, added 1 new ones to visit
Processing page 109/200: https://docs.rs/axum/latest/axum/response/struct.Html.html
  -> Extracted content from: axum/latest/axum/response/struct.Html.html (57 blocks, 3545 chars)
  -> Adding link: ../../src/axum/response/mod.rs.html#38
  -> Adding link: ../../src/axum/response/mod.rs.html#36
  -> Adding link: ../../src/axum/response/mod.rs.html#36
  -> Adding link: ../../src/axum/response/mod.rs.html#36
  -> Adding link: ../../src/axum/response/mod.rs.html#36
  Found 596 links, added 25 new ones to visit
Processing page 110/200: https://docs.rs/axum/latest/axum/response/struct.NoContent.html
  -> Extracted content from: axum/latest/axum/response/struct.NoContent.html (55 blocks, 3914 chars)
  -> Adding link: ../../src/axum/response/mod.rs.html#79
  -> Adding link: ../../src/axum/response/mod.rs.html#78
  -> Adding link: ../../src/axum/response/mod.rs.html#78
  -> Adding link: ../../src/axum/response/mod.rs.html#78
  -> Adding link: ../../src/axum/response/mod.rs.html#78
  Found 567 links, added 23 new ones to visit
Processing page 111/200: https://docs.rs/axum/latest/axum/response/struct.Redirect.html
  -> Extracted content from: axum/latest/axum/response/struct.Redirect.html (58 blocks, 4510 chars)
  -> Adding link: ../../src/axum/response/redirect.rs.html#22-25
  -> Adding link: ../../src/axum/response/redirect.rs.html#27-85
  -> Adding link: ../../src/axum/response/redirect.rs.html#41-43
  -> Adding link: ../../src/axum/response/redirect.rs.html#55-57
  -> Adding link: ../../src/axum/response/redirect.rs.html#66-68
  Found 594 links, added 26 new ones to visit
Processing page 112/200: https://docs.rs/axum/latest/axum/response/struct.ResponseParts.html
  -> Extracted content from: axum/latest/axum/response/struct.ResponseParts.html (48 blocks, 2978 chars)
  -> Adding link: trait.IntoResponseParts.html
  Found 496 links, added 1 new ones to visit
Processing page 113/200: https://docs.rs/axum/latest/axum/response/struct.Sse.html
  -> Extracted content from: axum/latest/axum/response/struct.Sse.html (57 blocks, 3612 chars)
  -> Adding link: ../../src/axum/response/sse.rs.html#53-56
  -> Adding link: ../../src/axum/response/sse.rs.html#58-81
  -> Adding link: ../../src/axum/response/sse.rs.html#63-72
  -> Adding link: sse/struct.Event.html
  -> Adding link: sse/struct.Event.html
  Found 593 links, added 30 new ones to visit
Processing page 114/200: https://docs.rs/axum/latest/axum/response/sse/struct.Event.html
  -> Extracted content from: axum/latest/axum/response/sse/struct.Event.html (58 blocks, 5305 chars)
  -> Adding link: index.html
  -> Adding link: index.html
  -> Adding link: ../../../src/axum/response/sse.rs.html#157-160
  -> Adding link: ../../../src/axum/response/sse.rs.html#162-376
  -> Adding link: ../../../src/axum/response/sse.rs.html#177-192
  Found 586 links, added 18 new ones to visit
Processing page 115/200: https://docs.rs/axum/latest/axum/response/sse/struct.KeepAlive.html
  -> Extracted content from: axum/latest/axum/response/sse/struct.KeepAlive.html (56 blocks, 3768 chars)
  -> Adding link: index.html
  -> Adding link: index.html
  -> Adding link: ../../../src/axum/response/sse.rs.html#408-411
  -> Adding link: ../../../src/axum/response/sse.rs.html#413-457
  -> Adding link: ../../../src/axum/response/sse.rs.html#415-420
  Found 556 links, added 16 new ones to visit
Processing page 116/200: https://docs.rs/axum/latest/axum/response/sse/struct.Sse.html
  -> Extracted content from: axum/latest/axum/response/sse/struct.Sse.html (57 blocks, 3612 chars)
  -> Adding link: index.html
  -> Adding link: index.html
  -> Adding link: ../../../src/axum/response/sse.rs.html#53-56
  -> Adding link: ../../../src/axum/response/sse.rs.html#58-81
  -> Adding link: ../../../src/axum/response/sse.rs.html#63-72
  Found 594 links, added 29 new ones to visit
Processing page 117/200: https://docs.rs/axum/latest/axum/routing/struct.IntoMakeService.html
  -> Extracted content from: axum/latest/axum/routing/struct.IntoMakeService.html (83 blocks, 5753 chars)
  -> Adding link: ../../src/axum/routing/into_make_service.rs.html#12-14
  -> Adding link: ../../src/axum/routing/into_make_service.rs.html#11
  -> Adding link: ../../src/axum/routing/into_make_service.rs.html#11
  -> Adding link: ../../src/axum/routing/into_make_service.rs.html#11
  -> Adding link: ../../src/axum/routing/into_make_service.rs.html#11
  Found 803 links, added 24 new ones to visit
Processing page 118/200: https://docs.rs/axum/latest/axum/routing/struct.MethodFilter.html
  -> Extracted content from: axum/latest/axum/routing/struct.MethodFilter.html (65 blocks, 4189 chars)
  -> Adding link: ../../src/axum/routing/method_filter.rs.html#9
  -> Adding link: ../../src/axum/routing/method_filter.rs.html#11-64
  -> Adding link: ../../src/axum/routing/method_filter.rs.html#29
  -> Adding link: method_routing/fn.any.html
  -> Adding link: ../../src/axum/routing/method_filter.rs.html#31
  Found 604 links, added 26 new ones to visit
Processing page 119/200: https://docs.rs/axum/latest/axum/routing/struct.Route.html
  -> Extracted content from: axum/latest/axum/routing/struct.Route.html (74 blocks, 5342 chars)
  -> Adding link: ../../src/axum/routing/route.rs.html#31
  -> Adding link: ../struct.Router.html#method.layer
  -> Adding link: ../../src/axum/routing/route.rs.html#75-80
  -> Adding link: ../../src/axum/routing/route.rs.html#77-79
  -> Adding link: ../../src/axum/routing/route.rs.html#82-86
  Found 742 links, added 25 new ones to visit
Processing page 120/200: https://docs.rs/axum/latest/axum/routing/struct.Router.html
  -> Extracted content from: axum/latest/axum/routing/struct.Router.html (108 blocks, 33908 chars)
  -> Adding link: ../../src/axum/routing/mod.rs.html#68-70
  -> Adding link: ../struct.Router.html#method.with_state
  -> Adding link: ../../src/axum/routing/mod.rs.html#138-504
  -> Adding link: ../../src/axum/routing/mod.rs.html#146-155
  -> Adding link: ../../src/axum/routing/mod.rs.html#170-174
  Found 1134 links, added 92 new ones to visit
Processing page 121/200: https://docs.rs/axum/latest/axum/routing/struct.RouterAsService.html
  -> Extracted content from: axum/latest/axum/routing/struct.RouterAsService.html (67 blocks, 4924 chars)
  -> Adding link: ../../src/axum/routing/mod.rs.html#589-592
  -> Adding link: ../struct.Router.html#method.as_service
  -> Adding link: ../../src/axum/routing/mod.rs.html#614-623
  -> Adding link: ../../src/axum/routing/mod.rs.html#618-622
  -> Adding link: ../../src/axum/routing/mod.rs.html#594-612
  Found 700 links, added 21 new ones to visit
Processing page 122/200: https://docs.rs/axum/latest/axum/routing/struct.RouterIntoService.html
  -> Extracted content from: axum/latest/axum/routing/struct.RouterIntoService.html (74 blocks, 5324 chars)
  -> Adding link: ../../src/axum/routing/mod.rs.html#628-631
  -> Adding link: ../struct.Router.html#method.into_service
  -> Adding link: ../../src/axum/routing/mod.rs.html#633-643
  -> Adding link: ../../src/axum/routing/mod.rs.html#637-642
  -> Adding link: ../../src/axum/routing/mod.rs.html#665-674
  Found 752 links, added 25 new ones to visit
Processing page 123/200: https://docs.rs/axum/latest/axum/routing/future/struct.InfallibleRouteFuture.html
  -> Extracted content from: axum/latest/axum/routing/future/struct.InfallibleRouteFuture.html (66 blocks, 4678 chars)
  -> Adding link: index.html
  -> Adding link: index.html
  -> Adding link: ../../../src/axum/routing/route.rs.html#210-216
  -> Adding link: struct.RouteFuture.html
  -> Adding link: ../../response/type.Response.html
  Found 649 links, added 9 new ones to visit
Processing page 124/200: https://docs.rs/axum/latest/axum/routing/future/struct.IntoMakeServiceFuture.html
  -> Extracted content from: axum/latest/axum/routing/future/struct.IntoMakeServiceFuture.html (85 blocks, 6302 chars)
  -> Adding link: index.html
  -> Adding link: index.html
  -> Adding link: ../../../src/axum/routing/into_make_service.rs.html#40-44
  -> Adding link: ../../../src/axum/routing/into_make_service.rs.html#40-44
  -> Adding link: ../../../src/axum/routing/into_make_service.rs.html#40-44
  Found 841 links, added 9 new ones to visit
Processing page 125/200: https://docs.rs/axum/latest/axum/routing/future/struct.RouteFuture.html
  -> Extracted content from: axum/latest/axum/routing/future/struct.RouteFuture.html (84 blocks, 6236 chars)
  -> Adding link: index.html
  -> Adding link: index.html
  -> Adding link: ../../../src/axum/routing/route.rs.html#108-117
  -> Adding link: ../../../src/axum/routing/route.rs.html#143-176
  -> Adding link: ../../../src/axum/routing/route.rs.html#144
  Found 819 links, added 7 new ones to visit
Processing page 126/200: https://docs.rs/axum/latest/axum/routing/method_routing/struct.MethodRouter.html
  -> Extracted content from: axum/latest/axum/routing/method_routing/struct.MethodRouter.html (126 blocks, 16318 chars)
  -> Adding link: index.html
  -> Adding link: index.html
  -> Adding link: ../../../src/axum/routing/method_routing.rs.html#547-559
  -> Adding link: ../../../src/axum/routing/method_routing.rs.html#605-676
  -> Adding link: ../../../src/axum/routing/method_routing.rs.html#631-641
  Found 1283 links, added 110 new ones to visit
Processing page 127/200: https://docs.rs/axum/latest/axum/serve/struct.IncomingStream.html
  -> Extracted content from: axum/latest/axum/serve/struct.IncomingStream.html (63 blocks, 3763 chars)
  -> Adding link: ../../src/axum/serve/mod.rs.html#424-430
  -> Adding link: trait.Listener.html
  -> Adding link: ../../src/axum/serve/mod.rs.html#432-445
  -> Adding link: trait.Listener.html
  -> Adding link: ../../src/axum/serve/mod.rs.html#437-439
  Found 686 links, added 50 new ones to visit
Processing page 128/200: https://docs.rs/axum/latest/axum/serve/struct.Serve.html
  -> Extracted content from: axum/latest/axum/serve/struct.Serve.html (49 blocks, 3547 chars)
  -> Adding link: ../../src/axum/serve/mod.rs.html#114-118
  -> Adding link: ../../src/axum/serve/mod.rs.html#121-167
  -> Adding link: trait.Listener.html
  -> Adding link: ../../src/axum/serve/mod.rs.html#151-161
  -> Adding link: struct.WithGracefulShutdown.html
  Found 551 links, added 14 new ones to visit
Processing page 129/200: https://docs.rs/axum/latest/axum/serve/struct.TapIo.html
  -> Extracted content from: axum/latest/axum/serve/struct.TapIo.html (49 blocks, 3035 chars)
  -> Adding link: ../../src/axum/serve/listener.rs.html#105-108
  -> Adding link: ../../src/axum/serve/listener.rs.html#110-119
  -> Adding link: trait.Listener.html
  -> Adding link: ../../src/axum/serve/listener.rs.html#114-118
  -> Adding link: ../../src/axum/serve/listener.rs.html#121-138
  Found 530 links, added 17 new ones to visit
Processing page 130/200: https://docs.rs/axum/latest/axum/serve/struct.WithGracefulShutdown.html
  -> Extracted content from: axum/latest/axum/serve/struct.WithGracefulShutdown.html (48 blocks, 2976 chars)
  -> Adding link: ../../src/axum/serve/mod.rs.html#238-243
  -> Adding link: ../../src/axum/serve/mod.rs.html#246-254
  -> Adding link: trait.Listener.html
  -> Adding link: ../../src/axum/serve/mod.rs.html#251-253
  -> Adding link: ../../src/axum/serve/mod.rs.html#308-329
  Found 551 links, added 12 new ones to visit
Processing page 131/200: https://docs.rs/axum/latest/axum/test_helpers/struct.RequestBuilder.html
  -> Extracted content from: axum/latest/axum/test_helpers/struct.RequestBuilder.html (45 blocks, 2822 chars)
  -> Adding link: ../../src/axum/test_helpers/test_client.rs.html#91-93
  -> Adding link: ../../src/axum/test_helpers/test_client.rs.html#95-125
  -> Adding link: ../../src/axum/test_helpers/test_client.rs.html#96-99
  -> Adding link: ../../src/axum/test_helpers/test_client.rs.html#101-107
  -> Adding link: ../../src/axum/test_helpers/test_client.rs.html#109-118
  Found 521 links, added 11 new ones to visit
Processing page 132/200: https://docs.rs/axum/latest/axum/test_helpers/struct.TestClient.html
  -> Extracted content from: axum/latest/axum/test_helpers/struct.TestClient.html (42 blocks, 2676 chars)
  -> Adding link: ../../src/axum/test_helpers/test_client.rs.html#32-35
  -> Adding link: ../../src/axum/test_helpers/test_client.rs.html#37-89
  -> Adding link: ../../src/axum/test_helpers/test_client.rs.html#38-51
  -> Adding link: ../response/type.Response.html
  -> Adding link: ../../src/axum/test_helpers/test_client.rs.html#53-57
  Found 504 links, added 10 new ones to visit
Processing page 133/200: https://docs.rs/axum/latest/axum/test_helpers/struct.TestResponse.html
  -> Extracted content from: axum/latest/axum/test_helpers/struct.TestResponse.html (54 blocks, 3962 chars)
  -> Adding link: ../../src/axum/test_helpers/test_client.rs.html#141-143
  -> Adding link: ../../src/axum/test_helpers/test_client.rs.html#153-179
  -> Adding link: ../../src/axum/test_helpers/test_client.rs.html#155-157
  -> Adding link: ../../src/axum/test_helpers/test_client.rs.html#159-161
  -> Adding link: ../../src/axum/test_helpers/test_client.rs.html#164-169
  Found 564 links, added 12 new ones to visit
Processing page 134/200: https://docs.rs/axum/latest/axum/extract/multipart/enum.MultipartRejection.html
  -> Extracted content from: axum/latest/axum/extract/multipart/enum.MultipartRejection.html (55 blocks, 3512 chars)
  -> Adding link: index.html
  -> Adding link: index.html
  -> Adding link: ../../../src/axum/extract/multipart.rs.html#290-297
  -> Adding link: ../../../src/axum/extract/multipart.rs.html#290-297
  -> Adding link: ../../../src/axum/extract/multipart.rs.html#290-297
  Found 573 links, added 18 new ones to visit
Processing page 135/200: https://docs.rs/axum/latest/axum/extract/path/enum.ErrorKind.html
  -> Extracted content from: axum/latest/axum/extract/path/enum.ErrorKind.html (75 blocks, 5085 chars)
  -> Adding link: index.html
  -> Adding link: index.html
  -> Adding link: ../../../src/axum/extract/path/mod.rs.html#284-354
  -> Adding link: ../../../src/axum/extract/path/mod.rs.html#282
  -> Adding link: ../../../src/axum/extract/path/mod.rs.html#282
  Found 627 links, added 11 new ones to visit
Processing page 136/200: https://docs.rs/axum/latest/axum/extract/rejection/enum.BytesRejection.html
  -> Extracted content from: axum/latest/axum/extract/rejection/enum.BytesRejection.html (58 blocks, 3636 chars)
  -> Adding link: index.html
  -> Adding link: index.html
  -> Adding link: enum.FailedToBufferBody.html
  -> Adding link: enum.FailedToBufferBody.html
  -> Adding link: ../../../src/axum/extract/rejection.rs.html#102-113
  Found 609 links, added 16 new ones to visit
Processing page 137/200: https://docs.rs/axum/latest/axum/extract/rejection/enum.ExtensionRejection.html
  -> Extracted content from: axum/latest/axum/extract/rejection/enum.ExtensionRejection.html (55 blocks, 3512 chars)
  -> Adding link: index.html
  -> Adding link: index.html
  -> Adding link: ../../../src/axum/extract/rejection.rs.html#141-149
  -> Adding link: ../../../src/axum/extract/rejection.rs.html#141-149
  -> Adding link: ../../../src/axum/extract/rejection.rs.html#141-149
  Found 573 links, added 18 new ones to visit
Processing page 138/200: https://docs.rs/axum/latest/axum/extract/rejection/enum.FailedToBufferBody.html
  -> Extracted content from: axum/latest/axum/extract/rejection/enum.FailedToBufferBody.html (58 blocks, 3666 chars)
  -> Adding link: index.html
  -> Adding link: index.html
  -> Adding link: enum.StringRejection.html
  -> Adding link: enum.StringRejection.html
  -> Adding link: ../../response/trait.IntoResponse.html#tymethod.into_response
  Found 614 links, added 5 new ones to visit
Processing page 139/200: https://docs.rs/axum/latest/axum/extract/rejection/enum.FormRejection.html
  -> Extracted content from: axum/latest/axum/extract/rejection/enum.FormRejection.html (58 blocks, 3634 chars)
  -> Adding link: index.html
  -> Adding link: index.html
  -> Adding link: ../../../src/axum/extract/rejection.rs.html#102-113
  -> Adding link: ../../../src/axum/extract/rejection.rs.html#102-113
  -> Adding link: ../../../src/axum/extract/rejection.rs.html#102-113
  Found 615 links, added 24 new ones to visit
Processing page 140/200: https://docs.rs/axum/latest/axum/extract/rejection/enum.JsonRejection.html
  -> Extracted content from: axum/latest/axum/extract/rejection/enum.JsonRejection.html (58 blocks, 3634 chars)
  -> Adding link: index.html
  -> Adding link: index.html
  -> Adding link: ../../../src/axum/extract/rejection.rs.html#127-139
  -> Adding link: ../../../src/axum/extract/rejection.rs.html#127-139
  -> Adding link: ../../../src/axum/extract/rejection.rs.html#127-139
  Found 615 links, added 24 new ones to visit
Processing page 141/200: https://docs.rs/axum/latest/axum/extract/rejection/enum.MatchedPathRejection.html
  -> Extracted content from: axum/latest/axum/extract/rejection/enum.MatchedPathRejection.html (55 blocks, 3446 chars)
  -> Adding link: index.html
  -> Adding link: index.html
  -> Adding link: ../../../src/axum/extract/rejection.rs.html#185-191
  -> Adding link: ../../../src/axum/extract/rejection.rs.html#185-191
  -> Adding link: ../../../src/axum/extract/rejection.rs.html#185-191
  Found 572 links, added 18 new ones to visit
Processing page 142/200: https://docs.rs/axum/latest/axum/extract/rejection/enum.PathRejection.html
  -> Extracted content from: axum/latest/axum/extract/rejection/enum.PathRejection.html (56 blocks, 3546 chars)
  -> Adding link: index.html
  -> Adding link: index.html
  -> Adding link: ../../../src/axum/extract/rejection.rs.html#151-160
  -> Adding link: ../../../src/axum/extract/rejection.rs.html#151-160
  -> Adding link: ../../../src/axum/extract/rejection.rs.html#151-160
  Found 587 links, added 20 new ones to visit
Processing page 143/200: https://docs.rs/axum/latest/axum/extract/rejection/enum.QueryRejection.html
  -> Extracted content from: axum/latest/axum/extract/rejection/enum.QueryRejection.html (55 blocks, 3504 chars)
  -> Adding link: index.html
  -> Adding link: index.html
  -> Adding link: ../../../src/axum/extract/rejection.rs.html#92-100
  -> Adding link: ../../../src/axum/extract/rejection.rs.html#92-100
  -> Adding link: ../../../src/axum/extract/rejection.rs.html#92-100
  Found 573 links, added 18 new ones to visit
Processing page 144/200: https://docs.rs/axum/latest/axum/extract/rejection/enum.RawFormRejection.html
  -> Extracted content from: axum/latest/axum/extract/rejection/enum.RawFormRejection.html (56 blocks, 3552 chars)
  -> Adding link: index.html
  -> Adding link: index.html
  -> Adding link: ../../../src/axum/extract/rejection.rs.html#115-124
  -> Adding link: ../../../src/axum/extract/rejection.rs.html#115-124
  -> Adding link: ../../../src/axum/extract/rejection.rs.html#115-124
  Found 587 links, added 20 new ones to visit
Processing page 145/200: https://docs.rs/axum/latest/axum/extract/rejection/enum.RawPathParamsRejection.html
  -> Extracted content from: axum/latest/axum/extract/rejection/enum.RawPathParamsRejection.html (56 blocks, 3564 chars)
  -> Adding link: index.html
  -> Adding link: index.html
  -> Adding link: ../../../src/axum/extract/rejection.rs.html#162-171
  -> Adding link: ../../../src/axum/extract/rejection.rs.html#162-171
  -> Adding link: ../../../src/axum/extract/rejection.rs.html#162-171
  Found 587 links, added 20 new ones to visit
Processing page 146/200: https://docs.rs/axum/latest/axum/extract/rejection/enum.StringRejection.html
  -> Extracted content from: axum/latest/axum/extract/rejection/enum.StringRejection.html (56 blocks, 3550 chars)
  -> Adding link: index.html
  -> Adding link: index.html
  -> Adding link: ../../response/trait.IntoResponse.html#tymethod.into_response
  Found 594 links, added 3 new ones to visit
Processing page 147/200: https://docs.rs/axum/latest/axum/extract/ws/enum.Message.html
  -> Extracted content from: axum/latest/axum/extract/ws/enum.Message.html (76 blocks, 5900 chars)
  -> Adding link: ../../../src/axum/extract/ws.rs.html#726-766
  -> Adding link: ../../../src/axum/extract/ws.rs.html#768-850
  -> Adding link: ../../../src/axum/extract/ws.rs.html#801-808
  -> Adding link: ../../../src/axum/extract/ws.rs.html#811-820
  -> Adding link: ../../../src/axum/extract/ws.rs.html#824-833
  Found 747 links, added 35 new ones to visit
Processing page 148/200: https://docs.rs/axum/latest/axum/extract/ws/rejection/enum.WebSocketUpgradeRejection.html
  -> Extracted content from: axum/latest/axum/extract/ws/rejection/enum.WebSocketUpgradeRejection.html (62 blocks, 3834 chars)
  -> Adding link: index.html
  -> Adding link: index.html
  -> Adding link: ../../../../src/axum/extract/ws.rs.html#967-982
  -> Adding link: ../../../../src/axum/extract/ws.rs.html#967-982
  -> Adding link: ../../../../src/axum/extract/ws.rs.html#967-982
  Found 672 links, added 32 new ones to visit
Processing page 149/200: https://docs.rs/axum/latest/axum/extract/trait.FromRef.html
  -> Extracted content from: axum/latest/axum/extract/trait.FromRef.html (2 blocks, 364 chars)
  Found 105 links, added 0 new ones to visit
Processing page 150/200: https://docs.rs/axum/latest/axum/extract/trait.OptionalFromRequest.html
  -> Extracted content from: axum/latest/axum/extract/trait.OptionalFromRequest.html (3 blocks, 225 chars)
Processing page 151/200: https://docs.rs/axum/latest/axum/extract/trait.OptionalFromRequestParts.html
  -> Extracted content from: axum/latest/axum/extract/trait.OptionalFromRequestParts.html (3 blocks, 230 chars)
Processing page 152/200: https://docs.rs/axum/latest/axum/extract/connect_info/trait.Connected.html
  -> Extracted content from: axum/latest/axum/extract/connect_info/trait.Connected.html (2 blocks, 341 chars)
Processing page 153/200: https://docs.rs/axum/latest/axum/extract/ws/trait.OnFailedUpgrade.html
  -> Extracted content from: axum/latest/axum/extract/ws/trait.OnFailedUpgrade.html (2 blocks, 121 chars)
Processing page 154/200: https://docs.rs/axum/latest/axum/handler/trait.Handler.html
  -> Extracted content from: axum/latest/axum/handler/trait.Handler.html (5 blocks, 3941 chars)
Processing page 155/200: https://docs.rs/axum/latest/axum/handler/trait.HandlerWithoutStateExt.html
  -> Extracted content from: axum/latest/axum/handler/trait.HandlerWithoutStateExt.html (4 blocks, 490 chars)
Processing page 156/200: https://docs.rs/axum/latest/axum/middleware/trait.IntoMapRequestResult.html
  -> Extracted content from: axum/latest/axum/middleware/trait.IntoMapRequestResult.html (2 blocks, 192 chars)
Processing page 157/200: https://docs.rs/axum/latest/axum/response/trait.IntoResponseParts.html
  -> Extracted content from: axum/latest/axum/response/trait.IntoResponseParts.html (3 blocks, 2027 chars)
Processing page 158/200: https://docs.rs/axum/latest/axum/serve/trait.Listener.html
  -> Extracted content from: axum/latest/axum/serve/trait.Listener.html (5 blocks, 313 chars)
Processing page 159/200: https://docs.rs/axum/latest/axum/serve/trait.ListenerExt.html
  -> Extracted content from: axum/latest/axum/serve/trait.ListenerExt.html (2 blocks, 533 chars)
Processing page 160/200: https://docs.rs/axum/latest/axum/extract/derive.FromRef.html
  -> Extracted content from: axum/latest/axum/extract/derive.FromRef.html (1 blocks, 757 chars)
Processing page 161/200: https://docs.rs/axum/latest/axum/extract/derive.FromRequest.html
  -> Extracted content from: axum/latest/axum/extract/derive.FromRequest.html (1 blocks, 7422 chars)
Processing page 162/200: https://docs.rs/axum/latest/axum/extract/derive.FromRequestParts.html
  -> Extracted content from: axum/latest/axum/extract/derive.FromRequestParts.html (1 blocks, 767 chars)
Processing page 163/200: https://docs.rs/axum/latest/axum/body/fn.to_bytes.html
  -> Extracted content from: axum/latest/axum/body/fn.to_bytes.html (1 blocks, 711 chars)
Processing page 164/200: https://docs.rs/axum/latest/axum/middleware/fn.from_extractor.html
  -> Extracted content from: axum/latest/axum/middleware/fn.from_extractor.html (1 blocks, 1729 chars)
Processing page 165/200: https://docs.rs/axum/latest/axum/middleware/fn.from_extractor_with_state.html
  -> Extracted content from: axum/latest/axum/middleware/fn.from_extractor_with_state.html (1 blocks, 109 chars)
Processing page 166/200: https://docs.rs/axum/latest/axum/middleware/fn.from_fn.html
  -> Extracted content from: axum/latest/axum/middleware/fn.from_fn.html (1 blocks, 1730 chars)
Processing page 167/200: https://docs.rs/axum/latest/axum/middleware/fn.from_fn_with_state.html
  -> Extracted content from: axum/latest/axum/middleware/fn.from_fn_with_state.html (1 blocks, 967 chars)
Processing page 168/200: https://docs.rs/axum/latest/axum/middleware/fn.map_request.html
  -> Extracted content from: axum/latest/axum/middleware/fn.map_request.html (1 blocks, 2037 chars)
Processing page 169/200: https://docs.rs/axum/latest/axum/middleware/fn.map_request_with_state.html
  -> Extracted content from: axum/latest/axum/middleware/fn.map_request_with_state.html (1 blocks, 847 chars)
Processing page 170/200: https://docs.rs/axum/latest/axum/middleware/fn.map_response.html
  -> Extracted content from: axum/latest/axum/middleware/fn.map_response.html (1 blocks, 1685 chars)
Processing page 171/200: https://docs.rs/axum/latest/axum/middleware/fn.map_response_with_state.html
  -> Extracted content from: axum/latest/axum/middleware/fn.map_response_with_state.html (1 blocks, 843 chars)
Processing page 172/200: https://docs.rs/axum/latest/axum/routing/method_routing/fn.any.html
  -> Extracted content from: axum/latest/axum/routing/method_routing/fn.any.html (1 blocks, 518 chars)
Processing page 173/200: https://docs.rs/axum/latest/axum/routing/method_routing/fn.any_service.html
  -> Extracted content from: axum/latest/axum/routing/method_routing/fn.any_service.html (1 blocks, 922 chars)
Processing page 174/200: https://docs.rs/axum/latest/axum/routing/method_routing/fn.connect.html
  -> Extracted content from: axum/latest/axum/routing/method_routing/fn.connect.html (1 blocks, 129 chars)
Processing page 175/200: https://docs.rs/axum/latest/axum/routing/method_routing/fn.connect_service.html
  -> Extracted content from: axum/latest/axum/routing/method_routing/fn.connect_service.html (1 blocks, 137 chars)
Processing page 176/200: https://docs.rs/axum/latest/axum/routing/method_routing/fn.delete.html
  -> Extracted content from: axum/latest/axum/routing/method_routing/fn.delete.html (1 blocks, 67 chars)
Processing page 177/200: https://docs.rs/axum/latest/axum/routing/method_routing/fn.delete_service.html
  -> Extracted content from: axum/latest/axum/routing/method_routing/fn.delete_service.html (1 blocks, 75 chars)
Processing page 178/200: https://docs.rs/axum/latest/axum/routing/method_routing/fn.get.html
  -> Extracted content from: axum/latest/axum/routing/method_routing/fn.get.html (1 blocks, 365 chars)
Processing page 179/200: https://docs.rs/axum/latest/axum/routing/method_routing/fn.get_service.html
  -> Extracted content from: axum/latest/axum/routing/method_routing/fn.get_service.html (1 blocks, 563 chars)
Processing page 180/200: https://docs.rs/axum/latest/axum/routing/method_routing/fn.head.html
  -> Extracted content from: axum/latest/axum/routing/method_routing/fn.head.html (1 blocks, 65 chars)
Processing page 181/200: https://docs.rs/axum/latest/axum/routing/method_routing/fn.head_service.html
  -> Extracted content from: axum/latest/axum/routing/method_routing/fn.head_service.html (1 blocks, 73 chars)
Processing page 182/200: https://docs.rs/axum/latest/axum/routing/method_routing/fn.on.html
  -> Extracted content from: axum/latest/axum/routing/method_routing/fn.on.html (1 blocks, 273 chars)
Processing page 183/200: https://docs.rs/axum/latest/axum/routing/method_routing/fn.on_service.html
  -> Extracted content from: axum/latest/axum/routing/method_routing/fn.on_service.html (1 blocks, 477 chars)
Processing page 184/200: https://docs.rs/axum/latest/axum/routing/method_routing/fn.options.html
  -> Extracted content from: axum/latest/axum/routing/method_routing/fn.options.html (1 blocks, 68 chars)
Processing page 185/200: https://docs.rs/axum/latest/axum/routing/method_routing/fn.options_service.html
  -> Extracted content from: axum/latest/axum/routing/method_routing/fn.options_service.html (1 blocks, 76 chars)
Processing page 186/200: https://docs.rs/axum/latest/axum/routing/method_routing/fn.patch.html
  -> Extracted content from: axum/latest/axum/routing/method_routing/fn.patch.html (1 blocks, 66 chars)
Processing page 187/200: https://docs.rs/axum/latest/axum/routing/method_routing/fn.patch_service.html
  -> Extracted content from: axum/latest/axum/routing/method_routing/fn.patch_service.html (1 blocks, 74 chars)
Processing page 188/200: https://docs.rs/axum/latest/axum/routing/method_routing/fn.post.html
  -> Extracted content from: axum/latest/axum/routing/method_routing/fn.post.html (1 blocks, 65 chars)
Processing page 189/200: https://docs.rs/axum/latest/axum/routing/method_routing/fn.post_service.html
  -> Extracted content from: axum/latest/axum/routing/method_routing/fn.post_service.html (1 blocks, 73 chars)
Processing page 190/200: https://docs.rs/axum/latest/axum/routing/method_routing/fn.put.html
  -> Extracted content from: axum/latest/axum/routing/method_routing/fn.put.html (1 blocks, 64 chars)
Processing page 191/200: https://docs.rs/axum/latest/axum/routing/method_routing/fn.put_service.html
  -> Extracted content from: axum/latest/axum/routing/method_routing/fn.put_service.html (1 blocks, 72 chars)
Processing page 192/200: https://docs.rs/axum/latest/axum/routing/method_routing/fn.trace.html
  -> Extracted content from: axum/latest/axum/routing/method_routing/fn.trace.html (1 blocks, 66 chars)
Processing page 193/200: https://docs.rs/axum/latest/axum/routing/method_routing/fn.trace_service.html
  -> Extracted content from: axum/latest/axum/routing/method_routing/fn.trace_service.html (1 blocks, 74 chars)
Processing page 194/200: https://docs.rs/axum/latest/axum/serve/fn.serve.html
  -> Extracted content from: axum/latest/axum/serve/fn.serve.html (1 blocks, 1459 chars)
Processing page 195/200: https://docs.rs/axum/latest/axum/extract/ws/type.CloseCode.html
  -> Extracted content from: axum/latest/axum/extract/ws/type.CloseCode.html (1 blocks, 81 chars)
Processing page 196/200: https://docs.rs/axum/latest/axum/response/type.Response.html
  -> Extracted content from: axum/latest/axum/response/type.Response.html (1 blocks, 106 chars)
Processing page 197/200: https://docs.rs/axum/latest/axum/response/type.Result.html
  -> Extracted content from: axum/latest/axum/response/type.Result.html (3 blocks, 1661 chars)
Processing page 198/200: https://docs.rs/axum/latest/axum/extract/ws/close_code/constant.ABNORMAL.html
  -> Extracted content from: axum/latest/axum/extract/ws/close_code/constant.ABNORMAL.html (1 blocks, 30 chars)
Processing page 199/200: https://docs.rs/axum/latest/axum/extract/ws/close_code/constant.AGAIN.html
  -> Extracted content from: axum/latest/axum/extract/ws/close_code/constant.AGAIN.html (1 blocks, 190 chars)
Processing page 200/200: https://docs.rs/axum/latest/axum/extract/ws/close_code/constant.AWAY.html
  -> Extracted content from: axum/latest/axum/extract/ws/close_code/constant.AWAY.html (1 blocks, 123 chars)
Reached maximum page limit (200), stopping
Finished loading 197 documents from docs.rs
✅ Loaded 197 documents in 132.13s (807.9 KB total)
📦 Detected version: 0.8.4

🧠 Generating embeddings...
Generating embeddings for 197 documents using model 'text-embedding-3-small'...
    Document 3/197 (8841 tokens) exceeds limit, chunking: axum/latest/axum/struct.Router.html
    Split into 2 chunks
    Document 75/197 (14797 tokens) exceeds limit, chunking: axum/latest/axum/extract/ws/struct.Utf8Bytes.html
    Split into 3 chunks
    Document 117/197 (8841 tokens) exceeds limit, chunking: axum/latest/axum/routing/struct.Router.html
    Split into 2 chunks
Total chunks to process: 201 (from 197 documents)
    Processing chunk 1/201 (2571 tokens): axum/latest/axum/
    Processing chunk 11/201 (1161 tokens): axum/latest/axum/error_handling/index.html
    Processing chunk 21/201 (9 tokens): axum/latest/axum/routing/index.html
    Processing chunk 31/201 (715 tokens): axum/latest/axum/attr.debug_handler.html
    Processing chunk 41/201 (1706 tokens): axum/latest/axum/extract/struct.Path.html
    Processing chunk 51/201 (2664 tokens): axum/latest/axum/extract/multipart/struct.Field.html
    Processing chunk 61/201 (757 tokens): axum/latest/axum/extract/rejection/struct.FailedToDeserializeFormBody.html
    Processing chunk 71/201 (791 tokens): axum/latest/axum/extract/rejection/struct.MissingPathParams.html
    Processing chunk 81/201 (790 tokens): axum/latest/axum/extract/ws/rejection/struct.ConnectionNotUpgradable.html
    Processing chunk 91/201 (1469 tokens): axum/latest/axum/handler/future/struct.IntoServiceFuture.html
    Processing chunk 101/201 (773 tokens): axum/latest/axum/middleware/struct.MapResponseLayer.html
    Processing chunk 111/201 (1066 tokens): axum/latest/axum/response/struct.Redirect.html
    Processing chunk 121/201 (1910 tokens): axum/latest/axum/routing/struct.Router.html [chunk 2/2]
    Processing chunk 131/201 (677 tokens): axum/latest/axum/serve/struct.WithGracefulShutdown.html
    Processing chunk 141/201 (827 tokens): axum/latest/axum/extract/rejection/enum.JsonRejection.html
    Processing chunk 151/201 (52 tokens): axum/latest/axum/extract/trait.OptionalFromRequest.html
    Processing chunk 161/201 (193 tokens): axum/latest/axum/extract/derive.FromRef.html
    Processing chunk 171/201 (433 tokens): axum/latest/axum/middleware/fn.map_response.html
    Processing chunk 181/201 (18 tokens): axum/latest/axum/routing/method_routing/fn.head.html
    Processing chunk 191/201 (18 tokens): axum/latest/axum/routing/method_routing/fn.put.html
    Processing chunk 201/201 (29 tokens): axum/latest/axum/extract/ws/close_code/constant.AWAY.html
Finished generating embeddings. Successfully processed 201 chunks/documents (198292 tokens).
✅ Generated 201 embeddings using 198292 tokens in 11.93s (Est. Cost: $0.003966)

💾 Storing in database...
✅ Successfully stored 201 embeddings for axum in 1.39s

🎉 Complete! Total time: 145.44s
📊 Final Summary:
  📥 Document loading: 132.13s
  🧠 Embedding generation: 11.93s
  💾 Database storage: 1.39s
  💰 Estimated cost: $0.003966
